2/18/2018 10:42:54 AM, Info: Initializing SIMPLSharp Services...
2/18/2018 10:42:54 AM, Info: ProjectInfo successfully initialized.
2/18/2018 11:03:16 AM, Info: Validating assembly C:\Programming\c_sharp_learning\simpl_sharp_practice\ChuckQuotes\ChuckQuotes\bin\Debug\ChuckQuotes.dll...
2/18/2018 11:03:17 AM, Info: Verifying assembly C:\Programming\c_sharp_learning\simpl_sharp_practice\ChuckQuotes\ChuckQuotes\bin\Debug\ChuckQuotes.dll
2/18/2018 11:03:17 AM, Info: Creating Archive C:\Programming\c_sharp_learning\simpl_sharp_practice\ChuckQuotes\ChuckQuotes\bin\Debug\ChuckQuotes.clz...
2/18/2018 11:03:17 AM, Info: Saving project information...
2/18/2018 11:17:12 AM, Info: Saving project information...
2/18/2018 11:17:12 AM, Info: Saving project information...
2/18/2018 11:17:12 AM, Info: Saving project information...
2/18/2018 11:17:12 AM, Info: Saving project information...
2/18/2018 11:17:12 AM, Info: Saving project information...
2/18/2018 11:17:12 AM, Info: Saving project information...
2/18/2018 12:08:17 PM, Info: Saving project information...
2/18/2018 12:08:17 PM, Info: Saving project information...
2/18/2018 12:08:17 PM, Info: Saving project information...
2/18/2018 12:08:17 PM, Info: Saving project information...
2/18/2018 12:08:17 PM, Info: Saving project information...
2/18/2018 12:08:17 PM, Info: Saving project information...
2/18/2018 12:08:22 PM, Info: Validating assembly C:\Programming\c_sharp_learning\simpl_sharp_practice\ChuckQuotes\ChuckQuotes\bin\Debug\ChuckQuotes.dll...
2/18/2018 12:08:22 PM, Info: Verifying assembly C:\Programming\c_sharp_learning\simpl_sharp_practice\ChuckQuotes\ChuckQuotes\bin\Debug\ChuckQuotes.dll
2/18/2018 12:08:23 PM, Info: Creating Archive C:\Programming\c_sharp_learning\simpl_sharp_practice\ChuckQuotes\ChuckQuotes\bin\Debug\ChuckQuotes.clz...
2/18/2018 12:08:23 PM, Info: Saving project information...
2/18/2018 12:43:03 PM, Info: Validating assembly C:\Programming\c_sharp_learning\simpl_sharp_practice\ChuckQuotes\ChuckQuotes\bin\Debug\ChuckQuotes.dll...
2/18/2018 12:43:03 PM, Info: Verifying assembly C:\Programming\c_sharp_learning\simpl_sharp_practice\ChuckQuotes\ChuckQuotes\bin\Debug\ChuckQuotes.dll
2/18/2018 12:43:04 PM, Info: Creating Archive C:\Programming\c_sharp_learning\simpl_sharp_practice\ChuckQuotes\ChuckQuotes\bin\Debug\ChuckQuotes.clz...
2/18/2018 12:43:04 PM, Info: Saving project information...
2/18/2018 12:43:10 PM, Info: Validating assembly C:\Programming\c_sharp_learning\simpl_sharp_practice\ChuckQuotes\ChuckQuotes\bin\Debug\ChuckQuotes.dll...
2/18/2018 12:43:10 PM, Info: Verifying assembly C:\Programming\c_sharp_learning\simpl_sharp_practice\ChuckQuotes\ChuckQuotes\bin\Debug\ChuckQuotes.dll
2/18/2018 12:43:10 PM, Info: Creating Archive C:\Programming\c_sharp_learning\simpl_sharp_practice\ChuckQuotes\ChuckQuotes\bin\Debug\ChuckQuotes.clz...
2/18/2018 12:43:10 PM, Info: Saving project information...
2/18/2018 12:52:13 PM, Info: Validating assembly C:\Programming\c_sharp_learning\simpl_sharp_practice\ChuckQuotes\ChuckQuotes\bin\Debug\ChuckQuotes.dll...
2/18/2018 12:52:13 PM, Info: Verifying assembly C:\Programming\c_sharp_learning\simpl_sharp_practice\ChuckQuotes\ChuckQuotes\bin\Debug\ChuckQuotes.dll
2/18/2018 12:52:14 PM, Info: Creating Archive C:\Programming\c_sharp_learning\simpl_sharp_practice\ChuckQuotes\ChuckQuotes\bin\Debug\ChuckQuotes.clz...
2/18/2018 12:52:14 PM, Info: Saving project information...
2/18/2018 12:56:20 PM, Info: Validating assembly C:\Programming\c_sharp_learning\simpl_sharp_practice\ChuckQuotes\ChuckQuotes\bin\Debug\ChuckQuotes.dll...
2/18/2018 12:56:21 PM, Info: Verifying assembly C:\Programming\c_sharp_learning\simpl_sharp_practice\ChuckQuotes\ChuckQuotes\bin\Debug\ChuckQuotes.dll
2/18/2018 12:56:21 PM, Info: Creating Archive C:\Programming\c_sharp_learning\simpl_sharp_practice\ChuckQuotes\ChuckQuotes\bin\Debug\ChuckQuotes.clz...
2/18/2018 12:56:21 PM, Info: Saving project information...
2/18/2018 12:56:58 PM, Info: Validating assembly C:\Programming\c_sharp_learning\simpl_sharp_practice\ChuckQuotes\ChuckQuotes\bin\Debug\ChuckQuotes.dll...
2/18/2018 12:56:58 PM, Info: Verifying assembly C:\Programming\c_sharp_learning\simpl_sharp_practice\ChuckQuotes\ChuckQuotes\bin\Debug\ChuckQuotes.dll
2/18/2018 12:56:59 PM, Info: Creating Archive C:\Programming\c_sharp_learning\simpl_sharp_practice\ChuckQuotes\ChuckQuotes\bin\Debug\ChuckQuotes.clz...
2/18/2018 12:56:59 PM, Info: Saving project information...
2/18/2018 1:19:51 PM, Info: Validating assembly C:\Programming\c_sharp_learning\simpl_sharp_practice\ChuckQuotes\ChuckQuotes\bin\Debug\ChuckQuotes.dll...
2/18/2018 1:19:52 PM, Info: Verifying assembly C:\Programming\c_sharp_learning\simpl_sharp_practice\ChuckQuotes\ChuckQuotes\bin\Debug\ChuckQuotes.dll
2/18/2018 1:19:52 PM, Info: Creating Archive C:\Programming\c_sharp_learning\simpl_sharp_practice\ChuckQuotes\ChuckQuotes\bin\Debug\ChuckQuotes.clz...
2/18/2018 1:19:52 PM, Info: Saving project information...
2/18/2018 1:19:57 PM, Info: Terminating SIMPLSharp Services
