2/21/2018 8:38:04 AM, Info: Initializing SIMPLSharp Services...
2/21/2018 8:38:05 AM, Info: ProjectInfo successfully initialized.
2/21/2018 8:40:32 AM, Info: Validating assembly C:\Personal_Programming\simpl_sharp_practice\simpl_sharp_practice-master\ChuckQuotes\ChuckQuotes\bin\Debug\ChuckQuotes.dll...
2/21/2018 8:40:32 AM, Info: Verifying assembly C:\Personal_Programming\simpl_sharp_practice\simpl_sharp_practice-master\ChuckQuotes\ChuckQuotes\bin\Debug\ChuckQuotes.dll
2/21/2018 8:40:32 AM, Info: Creating Archive C:\Personal_Programming\simpl_sharp_practice\simpl_sharp_practice-master\ChuckQuotes\ChuckQuotes\bin\Debug\ChuckQuotes.clz...
2/21/2018 8:40:32 AM, Info: Saving project information...
2/21/2018 9:07:32 AM, Info: Validating assembly C:\Personal_Programming\simpl_sharp_practice\simpl_sharp_practice-master\ChuckQuotes\ChuckQuotes\bin\Debug\ChuckQuotes.dll...
2/21/2018 9:07:33 AM, Info: Verifying assembly C:\Personal_Programming\simpl_sharp_practice\simpl_sharp_practice-master\ChuckQuotes\ChuckQuotes\bin\Debug\ChuckQuotes.dll
2/21/2018 9:07:33 AM, Info: Creating Archive C:\Personal_Programming\simpl_sharp_practice\simpl_sharp_practice-master\ChuckQuotes\ChuckQuotes\bin\Debug\ChuckQuotes.clz...
2/21/2018 9:07:33 AM, Info: Saving project information...
2/21/2018 9:10:32 AM, Info: Validating assembly C:\Personal_Programming\simpl_sharp_practice\simpl_sharp_practice-master\ChuckQuotes\ChuckQuotes\bin\Debug\ChuckQuotes.dll...
2/21/2018 9:10:32 AM, Info: Verifying assembly C:\Personal_Programming\simpl_sharp_practice\simpl_sharp_practice-master\ChuckQuotes\ChuckQuotes\bin\Debug\ChuckQuotes.dll
2/21/2018 9:10:32 AM, Info: Creating Archive C:\Personal_Programming\simpl_sharp_practice\simpl_sharp_practice-master\ChuckQuotes\ChuckQuotes\bin\Debug\ChuckQuotes.clz...
2/21/2018 9:10:32 AM, Info: Saving project information...
2/21/2018 9:19:12 AM, Info: Validating assembly C:\Personal_Programming\simpl_sharp_practice\simpl_sharp_practice-master\ChuckQuotes\ChuckQuotes\bin\Debug\ChuckQuotes.dll...
2/21/2018 9:19:13 AM, Info: Verifying assembly C:\Personal_Programming\simpl_sharp_practice\simpl_sharp_practice-master\ChuckQuotes\ChuckQuotes\bin\Debug\ChuckQuotes.dll
2/21/2018 9:19:13 AM, Info: Creating Archive C:\Personal_Programming\simpl_sharp_practice\simpl_sharp_practice-master\ChuckQuotes\ChuckQuotes\bin\Debug\ChuckQuotes.clz...
2/21/2018 9:19:13 AM, Info: Saving project information...
2/21/2018 9:37:04 AM, Info: Validating assembly C:\Personal_Programming\simpl_sharp_practice\simpl_sharp_practice-master\ChuckQuotes\ChuckQuotes\bin\Debug\ChuckQuotes.dll...
2/21/2018 9:37:04 AM, Info: Verifying assembly C:\Personal_Programming\simpl_sharp_practice\simpl_sharp_practice-master\ChuckQuotes\ChuckQuotes\bin\Debug\ChuckQuotes.dll
2/21/2018 9:37:04 AM, Info: Creating Archive C:\Personal_Programming\simpl_sharp_practice\simpl_sharp_practice-master\ChuckQuotes\ChuckQuotes\bin\Debug\ChuckQuotes.clz...
2/21/2018 9:37:04 AM, Info: Saving project information...
2/21/2018 9:40:23 AM, Info: Validating assembly C:\Personal_Programming\simpl_sharp_practice\simpl_sharp_practice-master\ChuckQuotes\ChuckQuotes\bin\Debug\ChuckQuotes.dll...
2/21/2018 9:40:23 AM, Info: Verifying assembly C:\Personal_Programming\simpl_sharp_practice\simpl_sharp_practice-master\ChuckQuotes\ChuckQuotes\bin\Debug\ChuckQuotes.dll
2/21/2018 9:40:23 AM, Info: Creating Archive C:\Personal_Programming\simpl_sharp_practice\simpl_sharp_practice-master\ChuckQuotes\ChuckQuotes\bin\Debug\ChuckQuotes.clz...
2/21/2018 9:40:23 AM, Info: Saving project information...
2/21/2018 9:41:03 AM, Info: Validating assembly C:\Personal_Programming\simpl_sharp_practice\simpl_sharp_practice-master\ChuckQuotes\ChuckQuotes\bin\Debug\ChuckQuotes.dll...
2/21/2018 9:41:03 AM, Info: Verifying assembly C:\Personal_Programming\simpl_sharp_practice\simpl_sharp_practice-master\ChuckQuotes\ChuckQuotes\bin\Debug\ChuckQuotes.dll
2/21/2018 9:41:04 AM, Info: Creating Archive C:\Personal_Programming\simpl_sharp_practice\simpl_sharp_practice-master\ChuckQuotes\ChuckQuotes\bin\Debug\ChuckQuotes.clz...
2/21/2018 9:41:04 AM, Info: Saving project information...
2/21/2018 10:29:42 AM, Info: Terminating SIMPLSharp Services
