2/19/2018 4:08:29 PM, Info: Initializing SIMPLSharp Services...
2/19/2018 4:08:29 PM, Info: ProjectInfo successfully initialized.
2/19/2018 4:35:38 PM, Info: Validating assembly C:\Programming\c_sharp_learning\simpl_sharp_practice\ChuckQuotes\ChuckQuotes\bin\Debug\ChuckQuotes.dll...
2/19/2018 4:35:38 PM, Info: Verifying assembly C:\Programming\c_sharp_learning\simpl_sharp_practice\ChuckQuotes\ChuckQuotes\bin\Debug\ChuckQuotes.dll
2/19/2018 4:35:39 PM, Info: Creating Archive C:\Programming\c_sharp_learning\simpl_sharp_practice\ChuckQuotes\ChuckQuotes\bin\Debug\ChuckQuotes.clz...
2/19/2018 4:35:39 PM, Info: Saving project information...
2/19/2018 4:36:40 PM, Info: Validating assembly C:\Programming\c_sharp_learning\simpl_sharp_practice\ChuckQuotes\ChuckQuotes\bin\Debug\ChuckQuotes.dll...
2/19/2018 4:36:41 PM, Info: Verifying assembly C:\Programming\c_sharp_learning\simpl_sharp_practice\ChuckQuotes\ChuckQuotes\bin\Debug\ChuckQuotes.dll
2/19/2018 4:36:41 PM, Info: Creating Archive C:\Programming\c_sharp_learning\simpl_sharp_practice\ChuckQuotes\ChuckQuotes\bin\Debug\ChuckQuotes.clz...
2/19/2018 4:36:41 PM, Info: Saving project information...
2/19/2018 4:43:51 PM, Info: Validating assembly C:\Programming\c_sharp_learning\simpl_sharp_practice\ChuckQuotes\ChuckQuotes\bin\Debug\ChuckQuotes.dll...
2/19/2018 4:43:51 PM, Info: Verifying assembly C:\Programming\c_sharp_learning\simpl_sharp_practice\ChuckQuotes\ChuckQuotes\bin\Debug\ChuckQuotes.dll
2/19/2018 4:43:51 PM, Info: Creating Archive C:\Programming\c_sharp_learning\simpl_sharp_practice\ChuckQuotes\ChuckQuotes\bin\Debug\ChuckQuotes.clz...
2/19/2018 4:43:51 PM, Info: Saving project information...
2/19/2018 4:50:25 PM, Info: Validating assembly C:\Programming\c_sharp_learning\simpl_sharp_practice\ChuckQuotes\ChuckQuotes\bin\Debug\ChuckQuotes.dll...
2/19/2018 4:50:25 PM, Info: Verifying assembly C:\Programming\c_sharp_learning\simpl_sharp_practice\ChuckQuotes\ChuckQuotes\bin\Debug\ChuckQuotes.dll
2/19/2018 4:50:26 PM, Info: Creating Archive C:\Programming\c_sharp_learning\simpl_sharp_practice\ChuckQuotes\ChuckQuotes\bin\Debug\ChuckQuotes.clz...
2/19/2018 4:50:26 PM, Info: Saving project information...
2/19/2018 4:56:59 PM, Info: Validating assembly C:\Programming\c_sharp_learning\simpl_sharp_practice\ChuckQuotes\ChuckQuotes\bin\Debug\ChuckQuotes.dll...
2/19/2018 4:56:59 PM, Info: Verifying assembly C:\Programming\c_sharp_learning\simpl_sharp_practice\ChuckQuotes\ChuckQuotes\bin\Debug\ChuckQuotes.dll
2/19/2018 4:56:59 PM, Info: Creating Archive C:\Programming\c_sharp_learning\simpl_sharp_practice\ChuckQuotes\ChuckQuotes\bin\Debug\ChuckQuotes.clz...
2/19/2018 4:57:00 PM, Info: Saving project information...
2/19/2018 5:20:38 PM, Info: Validating assembly C:\Programming\c_sharp_learning\simpl_sharp_practice\ChuckQuotes\ChuckQuotes\bin\Debug\ChuckQuotes.dll...
2/19/2018 5:20:39 PM, Info: Verifying assembly C:\Programming\c_sharp_learning\simpl_sharp_practice\ChuckQuotes\ChuckQuotes\bin\Debug\ChuckQuotes.dll
2/19/2018 5:20:39 PM, Info: Creating Archive C:\Programming\c_sharp_learning\simpl_sharp_practice\ChuckQuotes\ChuckQuotes\bin\Debug\ChuckQuotes.clz...
2/19/2018 5:20:39 PM, Info: Saving project information...
2/19/2018 5:26:10 PM, Info: Validating assembly C:\Programming\c_sharp_learning\simpl_sharp_practice\ChuckQuotes\ChuckQuotes\bin\Debug\ChuckQuotes.dll...
2/19/2018 5:26:10 PM, Info: Verifying assembly C:\Programming\c_sharp_learning\simpl_sharp_practice\ChuckQuotes\ChuckQuotes\bin\Debug\ChuckQuotes.dll
2/19/2018 5:26:10 PM, Info: Creating Archive C:\Programming\c_sharp_learning\simpl_sharp_practice\ChuckQuotes\ChuckQuotes\bin\Debug\ChuckQuotes.clz...
2/19/2018 5:26:11 PM, Info: Saving project information...
2/19/2018 5:29:03 PM, Info: Terminating SIMPLSharp Services
