2/20/2018 6:32:37 PM, Info: Initializing SIMPLSharp Services...
2/20/2018 6:32:38 PM, Info: ProjectInfo successfully initialized.
2/20/2018 7:02:47 PM, Info: Validating assembly C:\Programming\c_sharp_learning\simpl_sharp_practice\ChuckQuotes\ChuckQuotes\bin\Debug\ChuckQuotes.dll...
2/20/2018 7:02:47 PM, Info: Verifying assembly C:\Programming\c_sharp_learning\simpl_sharp_practice\ChuckQuotes\ChuckQuotes\bin\Debug\ChuckQuotes.dll
2/20/2018 7:02:47 PM, Info: Creating Archive C:\Programming\c_sharp_learning\simpl_sharp_practice\ChuckQuotes\ChuckQuotes\bin\Debug\ChuckQuotes.clz...
2/20/2018 7:02:48 PM, Info: Saving project information...
2/20/2018 7:02:56 PM, Info: Validating assembly C:\Programming\c_sharp_learning\simpl_sharp_practice\ChuckQuotes\ChuckQuotes\bin\Debug\ChuckQuotes.dll...
2/20/2018 7:02:56 PM, Info: Verifying assembly C:\Programming\c_sharp_learning\simpl_sharp_practice\ChuckQuotes\ChuckQuotes\bin\Debug\ChuckQuotes.dll
2/20/2018 7:02:56 PM, Info: Creating Archive C:\Programming\c_sharp_learning\simpl_sharp_practice\ChuckQuotes\ChuckQuotes\bin\Debug\ChuckQuotes.clz...
2/20/2018 7:02:56 PM, Info: Saving project information...
2/20/2018 7:12:29 PM, Info: Saving project information...
2/20/2018 7:12:29 PM, Info: Saving project information...
2/20/2018 7:12:29 PM, Info: Saving project information...
2/20/2018 7:17:29 PM, Info: Saving project information...
2/20/2018 7:17:29 PM, Info: Saving project information...
2/20/2018 7:17:29 PM, Info: Saving project information...
2/20/2018 7:19:18 PM, Info: Saving project information...
2/20/2018 7:19:18 PM, Info: Saving project information...
2/20/2018 7:19:18 PM, Info: Saving project information...
2/20/2018 7:19:18 PM, Info: Saving project information...
2/20/2018 7:19:18 PM, Info: Saving project information...
2/20/2018 7:19:18 PM, Info: Saving project information...
2/20/2018 7:20:45 PM, Info: Saving project information...
2/20/2018 7:20:45 PM, Info: Saving project information...
2/20/2018 7:20:45 PM, Info: Saving project information...
2/20/2018 7:20:45 PM, Info: Saving project information...
2/20/2018 7:20:45 PM, Info: Saving project information...
2/20/2018 7:20:45 PM, Info: Saving project information...
2/20/2018 7:20:46 PM, Info: Validating assembly C:\Programming\c_sharp_learning\simpl_sharp_practice\ChuckQuotes\ChuckQuotes\bin\Debug\ChuckQuotes.dll...
2/20/2018 7:20:46 PM, Info: Verifying assembly C:\Programming\c_sharp_learning\simpl_sharp_practice\ChuckQuotes\ChuckQuotes\bin\Debug\ChuckQuotes.dll
2/20/2018 7:20:46 PM, Info: Creating Archive C:\Programming\c_sharp_learning\simpl_sharp_practice\ChuckQuotes\ChuckQuotes\bin\Debug\ChuckQuotes.clz...
2/20/2018 7:20:46 PM, Info: Saving project information...
2/20/2018 8:28:59 PM, Info: Terminating SIMPLSharp Services
