3/16/2018 1:39:37 PM, Info: Initializing SIMPLSharp Services...
3/16/2018 1:39:37 PM, Info: ProjectInfo successfully initialized.
3/16/2018 1:44:16 PM, Info: Saving project information...
3/16/2018 1:44:17 PM, Info: Saving project information...
3/16/2018 1:44:17 PM, Info: Saving project information...
3/16/2018 1:49:17 PM, Info: Saving project information...
3/16/2018 1:49:17 PM, Info: Saving project information...
3/16/2018 1:49:17 PM, Info: Saving project information...
3/16/2018 1:52:19 PM, Info: Saving project information...
3/16/2018 1:52:19 PM, Info: Saving project information...
3/16/2018 1:52:19 PM, Info: Saving project information...
3/16/2018 1:52:19 PM, Info: Saving project information...
3/16/2018 1:52:19 PM, Info: Saving project information...
3/16/2018 1:52:19 PM, Info: Saving project information...
3/16/2018 2:05:34 PM, Info: Saving project information...
3/16/2018 2:05:34 PM, Info: Saving project information...
3/16/2018 2:05:34 PM, Info: Saving project information...
3/16/2018 2:05:34 PM, Info: Saving project information...
3/16/2018 2:05:34 PM, Info: Saving project information...
3/16/2018 2:05:34 PM, Info: Saving project information...
3/16/2018 2:10:02 PM, Info: Saving project information...
3/16/2018 2:10:02 PM, Info: Saving project information...
3/16/2018 2:10:02 PM, Info: Saving project information...
3/16/2018 2:10:02 PM, Info: Saving project information...
3/16/2018 2:10:02 PM, Info: Saving project information...
3/16/2018 2:10:02 PM, Info: Saving project information...
3/16/2018 2:10:06 PM, Info: Validating assembly C:\Personal_Programming\git\simpl_sharp_practice\WeatherUnderground\WeatherUnderground\bin\Debug\WeatherUnderground.dll...
3/16/2018 2:10:06 PM, Info: Verifying assembly C:\Personal_Programming\git\simpl_sharp_practice\WeatherUnderground\WeatherUnderground\bin\Debug\WeatherUnderground.dll
3/16/2018 2:10:06 PM, Info: Creating Archive C:\Personal_Programming\git\simpl_sharp_practice\WeatherUnderground\WeatherUnderground\bin\Debug\WeatherUnderground.clz...
3/16/2018 2:10:06 PM, Info: Saving project information...
3/16/2018 2:35:56 PM, Info: Validating assembly C:\Personal_Programming\git\simpl_sharp_practice\WeatherUnderground\WeatherUnderground\bin\Debug\WeatherUnderground.dll...
3/16/2018 2:35:57 PM, Info: Verifying assembly C:\Personal_Programming\git\simpl_sharp_practice\WeatherUnderground\WeatherUnderground\bin\Debug\WeatherUnderground.dll
3/16/2018 2:35:57 PM, Info: Creating Archive C:\Personal_Programming\git\simpl_sharp_practice\WeatherUnderground\WeatherUnderground\bin\Debug\WeatherUnderground.clz...
3/16/2018 2:35:57 PM, Info: Saving project information...
3/16/2018 2:53:30 PM, Info: Terminating SIMPLSharp Services
